<testsuites id="" name="" tests="1" failures="0" skipped="0" errors="0" time="119.746061">
<testsuite name="rasTests/rasHRBPRRFormSubmissionTest.spec.ts" timestamp="2025-03-14T12:38:39.105Z" hostname="chromium" tests="1" failures="0" skipped="0" time="118.166" errors="0">
<testcase name="login to RasLoginPage" classname="rasTests/rasHRBPRRFormSubmissionTest.spec.ts" time="118.166">
<system-out>
<![CDATA[STEP: Click Username Textbox succeeded at 2025-03-14T12:38:44.755Z
Logged in as:  QA_RAS_hrbp_1
STEP: Fill Username succeeded at 2025-03-14T12:38:44.806Z
STEP: Fill Password succeeded at 2025-03-14T12:38:46.880Z
STEP: Click Login Button succeeded at 2025-03-14T12:38:46.893Z
STEP: Login as HRBP succeeded at 2025-03-14T12:38:44.755Z
STEP: Ras home page succeeded at 2025-03-14T12:38:54.247Z
STEP: Navigating to Job Positions Page succeeded at 2025-03-14T12:38:55.291Z
STEP: Navigating to RAS Recruitment Regular Form succeeded at 2025-03-14T12:38:56.341Z
Checking if "Position already exists" message is present...
"Position already exists" message is not present. Continuing the flow...
No issues detected. Proceeding with further steps...
STEP: fillBasicInformation TextBox succeeded at 2025-03-14T12:39:17.457Z
STEP: fillBasicInformation succeeded at 2025-03-14T12:39:17.457Z
Step: Clicking the "Contacts" label...
"Contacts" label clicked successfully.
Clicked on primary_contact
STEP: fillContactsInformation succeeded at 2025-03-14T12:39:32.123Z
STEP: fillContactsInformation succeeded at 2025-03-14T12:39:32.123Z
Step: Clicking the va_job_specification label...
Step 2: Trigger the file upload dialog...
Step 3: Identify the hidden file input element...
Step 4: Upload the file...
Resolved file path: /Users/puneethchidura/UNICEF/UnicefRASAutomation/e2e/pages/rasPages/jd.doc
File upload completed successfully.
Text has been successfully entered into the iframe.
ENTERED => Purpose and roles & responsibilities
Hitting TAB from hey board....
Hitting TAB from hey board....DONE
Clicked on Accounting dropdown
Filled on Accounting
Clicked on Accounting
Clicked on Accounting and Auditing
Filled on Accounting and Auditing
Clicked on Accounting and Auditing
STEP: fillVAJobSpecification succeeded at 2025-03-14T12:39:42.149Z
STEP: fillVAJobSpecification succeeded at 2025-03-14T12:39:42.149Z
Clicked on va_minimum_requirements_desirables
Setting For every child, [insert tagline]....
Setting For every child, [insert tagline].... COMPLETED
STEP: fillVAMinimumRequirementsDesirables succeeded at 2025-03-14T12:40:17.227Z
STEP: fillVAMinimumRequirementsDesirables succeeded at 2025-03-14T12:40:17.227Z
clicking... on  full_vacancy_announcement_text
clicked on  full_vacancy_announcement_text
Clicked on Acknowledgement checkbox
STEP: fillFullVacancyAnnouncementText succeeded at 2025-03-14T12:40:26.608Z
STEP: fillFullVacancyAnnouncementText succeeded at 2025-03-14T12:40:26.608Z
clicked on submit button
STEP: submitForm succeeded at 2025-03-14T12:40:34.743Z
STEP: submitting RR Form succeeded at 2025-03-14T12:40:34.742Z
Extracted JPR Number is : JPR0001165
STEP: submitForm succeeded at 2025-03-14T12:40:34.933Z
STEP: priniting the generated JPR Number  succeeded at 2025-03-14T12:40:34.932Z
Test: rasHRBPRRFormSubmissionTest.spec ended at 2025-03-14T12:40:38.102Z
HTML report generated: /Users/puneethchidura/UNICEF/UnicefRASAutomation/logs/rasHRBPRRFormSubmissionTest_2025-03-14_18-08-44.html

[[ATTACHMENT|rasTests-rasHRBPRRFormSubmissionTest-login-to-RasLoginPage-chromium/video.webm]]

[[ATTACHMENT|rasTests-rasHRBPRRFormSubmissionTest-login-to-RasLoginPage-chromium/trace.zip]]
]]>
</system-out>
</testcase>
</testsuite>
</testsuites>