<testsuites id="" name="" tests="1" failures="0" skipped="0" errors="0" time="120.165118">
<testsuite name="rasTests/rasHRBPRRFormSubmissionTest.spec.ts" timestamp="2025-03-17T14:36:07.600Z" hostname="chromium" tests="1" failures="0" skipped="0" time="118.311" errors="0">
<testcase name="RRFrom Submission Test" classname="rasTests/rasHRBPRRFormSubmissionTest.spec.ts" time="118.311">
<system-out>
<![CDATA[STEP: Click Username Textbox succeeded at 2025-03-17T14:36:14.110Z
Logged in as:  QA_RAS_hrbp_1
STEP: Fill Username succeeded at 2025-03-17T14:36:14.155Z
STEP: Fill Password succeeded at 2025-03-17T14:36:16.173Z
STEP: Click Login Button succeeded at 2025-03-17T14:36:16.199Z
STEP: Login as HRBP succeeded at 2025-03-17T14:36:14.110Z
STEP: Ras home page succeeded at 2025-03-17T14:36:22.486Z
STEP: Navigating to Job Positions Page succeeded at 2025-03-17T14:36:23.525Z
STEP: Navigating to RAS Recruitment Regular Form succeeded at 2025-03-17T14:36:24.584Z
Checking if "Position already exists" message is present...
"Position already exists" message is not present. Continuing the flow...
No issues detected. Proceeding with further steps...
STEP: fillBasicInformation TextBox succeeded at 2025-03-17T14:36:45.712Z
STEP: fillBasicInformation succeeded at 2025-03-17T14:36:45.712Z
Step: Clicking the "Contacts" label...
"Contacts" label clicked successfully.
Clicked on primary_contact
STEP: fillContactsInformation succeeded at 2025-03-17T14:37:00.431Z
STEP: fillContactsInformation succeeded at 2025-03-17T14:37:00.431Z
Step: Clicking the va_job_specification label...
Step 2: Trigger the file upload dialog...
Step 3: Identify the hidden file input element...
Step 4: Upload the file...
Resolved file path: /Users/puneethchidura/UNICEF/UnicefRASAutomation/e2e/pages/rasPages/jd.doc
File upload completed successfully.
Text has been successfully entered into the iframe.
ENTERED => Purpose and roles & responsibilities
Hitting TAB from hey board....
Hitting TAB from hey board....DONE
Clicked on Accounting dropdown
Filled on Accounting
Clicked on Accounting
Clicked on Accounting and Auditing
Filled on Accounting and Auditing
Clicked on Accounting and Auditing
STEP: fillVAJobSpecification succeeded at 2025-03-17T14:37:10.510Z
STEP: fillVAJobSpecification succeeded at 2025-03-17T14:37:10.510Z
Clicked on va_minimum_requirements_desirables
Setting For every child, [insert tagline]....
Setting For every child, [insert tagline].... COMPLETED
STEP: fillVAMinimumRequirementsDesirables succeeded at 2025-03-17T14:37:45.560Z
STEP: fillVAMinimumRequirementsDesirables succeeded at 2025-03-17T14:37:45.560Z
clicking... on  full_vacancy_announcement_text
clicked on  full_vacancy_announcement_text
Clicked on Acknowledgement checkbox
STEP: fillFullVacancyAnnouncementText succeeded at 2025-03-17T14:37:54.948Z
STEP: fillFullVacancyAnnouncementText succeeded at 2025-03-17T14:37:54.948Z
clicked on submit button
STEP: submitForm succeeded at 2025-03-17T14:38:03.092Z
STEP: submitting RR Form succeeded at 2025-03-17T14:38:03.092Z
Extracted JPR Number is: JPR0001174
STEP: submitForm succeeded at 2025-03-17T14:38:03.294Z
Successfully saved data to file: {
  positionNumber: [32m'00123800'[39m,
  jprNumberText: [32m'JPR0001174'[39m,
  timestamp: [32m'2025-03-17T14:38:05.610Z'[39m
}
Test: rasHRBPRRFormSubmissionTest.spec ended at 2025-03-17T14:38:06.802Z
HTML report generated: /Users/puneethchidura/UNICEF/UnicefRASAutomation/logs/rasHRBPRRFormSubmissionTest_2025-03-17_20-06-14.html

[[ATTACHMENT|rasTests-rasHRBPRRFormSubmissionTest-RRFrom-Submission-Test-chromium/video.webm]]

[[ATTACHMENT|rasTests-rasHRBPRRFormSubmissionTest-RRFrom-Submission-Test-chromium/trace.zip]]
]]>
</system-out>
</testcase>
</testsuite>
</testsuites>